2024-05-02 12:04:13,771 [main] JP.co.esm.caddies.jomt.Jude <INFO> - #### === professional 9.2.0 / 0248cd ==============================
2024-05-02 12:04:13,787 [main] JP.co.esm.caddies.jomt.Jude <INFO> - start program args []
2024-05-02 12:04:13,795 [main] JP.co.esm.caddies.jomt.Jude <INFO> - start vm args [-Xms16m, -Xmx1024m, -Dsun.java2d.d3d=false, -Djava.library.path=lib\rlm]
2024-05-02 12:04:13,803 [main] JP.co.esm.caddies.jomt.jsystem.k <INFO> - jude property file not found. It is created at the time of the end of application.
2024-05-02 12:04:16,646 [AWT-EventQueue-0] JP.co.esm.caddies.jomt.jview.swing.f <INFO> - maybe initial value of system property.
2024-05-02 12:04:20,018 [Thread-2] JP.co.esm.caddies.jomt.jutil.Z <INFO> - 現在ご利用のastah*は、最新バージョンです。
2024-05-02 12:05:34,223 [AWT-EventQueue-0] JP.co.esm.caddies.jomt.jsystem.k <INFO> - file: C:\Users\daiki\.astah\professional\JudeP.properties
2024-05-02 12:05:34,247 [AWT-EventQueue-0] JP.co.esm.caddies.jomt.jutil.m <INFO> - stack=5m
2024-05-02 12:05:55,465 [main] JP.co.esm.caddies.jomt.Jude <INFO> - #### === professional 9.2.0 / 0248cd ==============================
2024-05-02 12:05:55,465 [main] JP.co.esm.caddies.jomt.Jude <INFO> - start program args []
2024-05-02 12:05:55,474 [main] JP.co.esm.caddies.jomt.Jude <INFO> - start vm args [-Xms16m, -Xmx1024m, -Dsun.java2d.d3d=false, -Djava.library.path=lib\rlm]
2024-05-02 12:06:03,709 [Thread-2] JP.co.esm.caddies.jomt.jutil.Z <INFO> - 現在ご利用のastah*は、最新バージョンです。
2024-05-02 12:10:19,237 [AWT-EventQueue-0] JP.co.esm.caddies.uml.mindmap.MMUserIconManager <INFO> - file: C:\Users\daiki\.astah\professional\JudeMMUserIconP.xml
2024-05-02 12:14:29,914 [AWT-EventQueue-0] JP.co.esm.caddies.golf.model.EntityStore <INFO> - saveAs: C:\Program Files\astah-professional\ex_03.asta
2024-05-02 12:14:29,922 [AWT-EventQueue-0] JP.co.esm.caddies.jomt.jutil.m <INFO> - stack=5m
2024-05-02 12:14:33,783 [AWT-EventQueue-0] JP.co.esm.caddies.uml.mindmap.MMUserIconManager <INFO> - file: C:\Users\daiki\.astah\professional\JudeMMUserIconP.xml
2024-05-02 12:14:33,791 [AWT-EventQueue-0] JP.co.esm.caddies.uml.mindmap.MMUserIconManager <INFO> - file: C:\Users\daiki\.astah\professional\JudeMMUserIconP.xml
2024-05-02 12:14:33,810 [AWT-EventQueue-0] JP.co.esm.caddies.jomt.jsystem.k <INFO> - file: C:\Users\daiki\.astah\professional\JudeP.properties
2024-05-09 09:01:06,840 [main] JP.co.esm.caddies.jomt.Jude <INFO> - #### === professional 9.2.0 / 0248cd ==============================
2024-05-09 09:01:06,840 [main] JP.co.esm.caddies.jomt.Jude <INFO> - start program args []
2024-05-09 09:01:06,856 [main] JP.co.esm.caddies.jomt.Jude <INFO> - start vm args [-Xms16m, -Xmx1024m, -Dsun.java2d.d3d=false, -Djava.library.path=lib\rlm]
2024-05-09 09:01:10,791 [Thread-2] JP.co.esm.caddies.jomt.jutil.Z <INFO> - 現在ご利用のastah*は、最新バージョンです。
2024-05-09 09:34:12,938 [AWT-EventQueue-0] JP.co.esm.caddies.jomt.jcontrol.JudeToImageCommand <INFO> - file: C:\Users\daiki\Desktop\ex.3_1.png
2024-05-09 09:39:48,666 [AWT-EventQueue-0] JP.co.esm.caddies.jomt.jcontrol.JudeToImageCommand <INFO> - file: C:\Users\daiki\Documents\ex_03_01.png
2024-05-09 09:40:17,580 [AWT-EventQueue-0] JP.co.esm.caddies.jomt.jcontrol.JudeToImageCommand <INFO> - file: C:\Users\daiki\Documents\ex03_01.png
2024-05-09 10:40:13,290 [AWT-EventQueue-0] JP.co.esm.caddies.golf.model.EntityStore <INFO> - saveAs: C:\Users\daiki\Documents\ex03_04.asta
2024-05-09 10:40:13,290 [AWT-EventQueue-0] JP.co.esm.caddies.jomt.jutil.m <INFO> - stack=5m
2024-05-09 10:41:26,783 [AWT-EventQueue-0] JP.co.esm.caddies.golf.model.EntityStore <INFO> - saveAs: C:\Users\daiki\Documents\ex03_01.asta
2024-05-09 12:57:55,792 [AWT-EventQueue-0] JP.co.esm.caddies.uml.mindmap.MMUserIconManager <INFO> - file: C:\Users\daiki\.astah\professional\JudeMMUserIconP.xml
2024-05-09 12:57:55,871 [AWT-EventQueue-0] JP.co.esm.caddies.uml.mindmap.MMUserIconManager <INFO> - file: C:\Users\daiki\.astah\professional\JudeMMUserIconP.xml
2024-05-09 12:57:55,888 [AWT-EventQueue-0] JP.co.esm.caddies.jomt.jsystem.k <INFO> - file: C:\Users\daiki\.astah\professional\JudeP.properties
2024-05-09 12:58:03,233 [main] JP.co.esm.caddies.jomt.Jude <INFO> - #### === professional 9.2.0 / 0248cd ==============================
2024-05-09 12:58:03,233 [main] JP.co.esm.caddies.jomt.Jude <INFO> - start program args [C:\Users\daiki\Documents\ex03_01.asta]
2024-05-09 12:58:03,233 [main] JP.co.esm.caddies.jomt.Jude <INFO> - start vm args [-Xms16m, -Xmx1024m, -Dsun.java2d.d3d=false, -Djava.library.path=lib\rlm]
2024-05-09 12:58:05,690 [AWT-EventQueue-0] JP.co.esm.caddies.jomt.jutil.m <INFO> - stack=5m
2024-05-09 12:58:06,192 [Thread-2] JP.co.esm.caddies.jomt.jutil.Z <INFO> - 現在ご利用のastah*は、最新バージョンです。
2024-05-09 13:01:50,074 [AWT-EventQueue-0] JP.co.esm.caddies.uml.mindmap.MMUserIconManager <INFO> - file: C:\Users\daiki\.astah\professional\JudeMMUserIconP.xml
2024-05-09 13:01:50,083 [AWT-EventQueue-0] JP.co.esm.caddies.uml.mindmap.MMUserIconManager <INFO> - file: C:\Users\daiki\.astah\professional\JudeMMUserIconP.xml
2024-05-09 13:01:50,118 [AWT-EventQueue-0] JP.co.esm.caddies.jomt.jsystem.k <INFO> - file: C:\Users\daiki\.astah\professional\JudeP.properties
2024-05-23 11:58:37,944 [main] JP.co.esm.caddies.jomt.Jude <INFO> - #### === professional 9.2.0 / 0248cd ==============================
2024-05-23 11:58:37,952 [main] JP.co.esm.caddies.jomt.Jude <INFO> - start program args []
2024-05-23 11:58:37,952 [main] JP.co.esm.caddies.jomt.Jude <INFO> - start vm args [-Xms16m, -Xmx1024m, -Dsun.java2d.d3d=false, -Djava.library.path=lib\rlm]
2024-05-23 11:58:41,387 [Thread-2] JP.co.esm.caddies.jomt.jutil.Z <INFO> - 現在ご利用のastah*は、最新バージョンです。
2024-05-23 12:23:24,916 [AWT-EventQueue-0] JP.co.esm.caddies.golf.model.EntityStore <INFO> - saveAs: C:\Users\daiki\Documents\プログラミング入門及び演習\ex05_04.asta
2024-05-23 12:23:24,924 [AWT-EventQueue-0] JP.co.esm.caddies.jomt.jutil.m <INFO> - stack=5m
2024-05-23 13:31:57,722 [AWT-EventQueue-0] JP.co.esm.caddies.golf.model.EntityStore <INFO> - saveAs: C:\Users\daiki\Documents\プログラミング入門及び演習\ex05_04.asta
2024-05-23 13:33:23,735 [AWT-EventQueue-0] JP.co.esm.caddies.jomt.jcontrol.JudeToImageCommand <INFO> - file: C:\Users\daiki\Documents\プログラミング入門及び演習\ex05_04.png
2024-05-23 13:35:06,455 [AWT-EventQueue-0] JP.co.esm.caddies.jomt.jcontrol.JudeToImageCommand <INFO> - file: C:\Users\daiki\Documents\プログラミング入門及び演習\ex05_04_20246196.png
2024-05-23 13:35:12,966 [AWT-EventQueue-0] JP.co.esm.caddies.uml.mindmap.MMUserIconManager <INFO> - file: C:\Users\daiki\.astah\professional\JudeMMUserIconP.xml
2024-05-23 13:35:12,974 [AWT-EventQueue-0] JP.co.esm.caddies.uml.mindmap.MMUserIconManager <INFO> - file: C:\Users\daiki\.astah\professional\JudeMMUserIconP.xml
2024-05-23 13:35:12,990 [AWT-EventQueue-0] JP.co.esm.caddies.jomt.jsystem.k <INFO> - file: C:\Users\daiki\.astah\professional\JudeP.properties
2024-05-23 13:57:22,166 [main] JP.co.esm.caddies.jomt.Jude <INFO> - #### === professional 9.2.0 / 0248cd ==============================
2024-05-23 13:57:22,174 [main] JP.co.esm.caddies.jomt.Jude <INFO> - start program args []
2024-05-23 13:57:22,174 [main] JP.co.esm.caddies.jomt.Jude <INFO> - start vm args [-Xms16m, -Xmx1024m, -Dsun.java2d.d3d=false, -Djava.library.path=lib\rlm]
2024-05-23 13:57:25,383 [Thread-2] JP.co.esm.caddies.jomt.jutil.Z <INFO> - 現在ご利用のastah*は、最新バージョンです。
2024-05-23 14:14:34,495 [AWT-EventQueue-0] JP.co.esm.caddies.golf.model.EntityStore <INFO> - saveAs: C:\Users\daiki\Documents\プログラミング入門及び演習\ex05_05.asta
2024-05-23 14:14:34,503 [AWT-EventQueue-0] JP.co.esm.caddies.jomt.jutil.m <INFO> - stack=5m
2024-05-23 14:15:08,008 [AWT-EventQueue-0] JP.co.esm.caddies.jomt.jcontrol.JudeToImageCommand <INFO> - file: C:\Users\daiki\Documents\プログラミング入門及び演習\ex05_05_20246196.png
2024-05-23 14:15:11,739 [AWT-EventQueue-0] JP.co.esm.caddies.uml.mindmap.MMUserIconManager <INFO> - file: C:\Users\daiki\.astah\professional\JudeMMUserIconP.xml
2024-05-23 14:15:11,741 [AWT-EventQueue-0] JP.co.esm.caddies.uml.mindmap.MMUserIconManager <INFO> - file: C:\Users\daiki\.astah\professional\JudeMMUserIconP.xml
2024-05-23 14:15:11,758 [AWT-EventQueue-0] JP.co.esm.caddies.jomt.jsystem.k <INFO> - file: C:\Users\daiki\.astah\professional\JudeP.properties
2024-05-23 14:33:05,144 [main] JP.co.esm.caddies.jomt.Jude <INFO> - #### === professional 9.2.0 / 0248cd ==============================
2024-05-23 14:33:05,152 [main] JP.co.esm.caddies.jomt.Jude <INFO> - start program args [C:\Users\daiki\Documents\プログラミング入門及び演習\ex05_04.asta]
2024-05-23 14:33:05,152 [main] JP.co.esm.caddies.jomt.Jude <INFO> - start vm args [-Xms16m, -Xmx1024m, -Dsun.java2d.d3d=false, -Djava.library.path=lib\rlm]
2024-05-23 14:33:07,749 [AWT-EventQueue-0] JP.co.esm.caddies.jomt.jutil.m <INFO> - stack=5m
2024-05-23 14:33:08,366 [Thread-2] JP.co.esm.caddies.jomt.jutil.Z <INFO> - 現在ご利用のastah*は、最新バージョンです。
2024-05-23 14:33:42,010 [AWT-EventQueue-0] JP.co.esm.caddies.golf.model.EntityStore <INFO> - saveAs: C:\Users\daiki\Documents\プログラミング入門及び演習\ex05_04.asta
2024-05-23 14:35:11,210 [AWT-EventQueue-0] JP.co.esm.caddies.jomt.jcontrol.JudeToImageCommand <INFO> - file: C:\Users\daiki\Documents\プログラミング入門及び演習\ex05_04_20246196.png
2024-05-23 14:35:18,118 [AWT-EventQueue-0] JP.co.esm.caddies.uml.mindmap.MMUserIconManager <INFO> - file: C:\Users\daiki\.astah\professional\JudeMMUserIconP.xml
2024-05-23 14:35:18,134 [AWT-EventQueue-0] JP.co.esm.caddies.uml.mindmap.MMUserIconManager <INFO> - file: C:\Users\daiki\.astah\professional\JudeMMUserIconP.xml
2024-05-23 14:35:18,177 [AWT-EventQueue-0] JP.co.esm.caddies.jomt.jsystem.k <INFO> - file: C:\Users\daiki\.astah\professional\JudeP.properties
2024-05-23 17:17:16,517 [main] JP.co.esm.caddies.jomt.Jude <INFO> - #### === professional 9.2.0 / 0248cd ==============================
2024-05-23 17:17:16,525 [main] JP.co.esm.caddies.jomt.Jude <INFO> - start program args []
2024-05-23 17:17:16,529 [main] JP.co.esm.caddies.jomt.Jude <INFO> - start vm args [-Xms16m, -Xmx1024m, -Dsun.java2d.d3d=false, -Djava.library.path=lib\rlm]
2024-05-23 17:17:19,633 [Thread-2] JP.co.esm.caddies.jomt.jutil.Z <INFO> - 現在ご利用のastah*は、最新バージョンです。
2024-05-23 18:07:08,673 [AWT-EventQueue-0] JP.co.esm.caddies.golf.model.EntityStore <INFO> - saveAs: C:\Users\daiki\Documents\プログラミング入門及び演習\ex05_02.asta
2024-05-23 18:07:08,681 [AWT-EventQueue-0] JP.co.esm.caddies.jomt.jutil.m <INFO> - stack=5m
2024-05-23 18:08:53,639 [AWT-EventQueue-0] JP.co.esm.caddies.jomt.jcontrol.JudeToImageCommand <INFO> - file: C:\Users\daiki\Documents\プログラミング入門及び演習\ex05_02_submit_20246196.png
2024-05-23 19:22:54,258 [AWT-EventQueue-0] JP.co.esm.caddies.uml.mindmap.MMUserIconManager <INFO> - file: C:\Users\daiki\.astah\professional\JudeMMUserIconP.xml
2024-05-23 19:22:54,266 [AWT-EventQueue-0] JP.co.esm.caddies.uml.mindmap.MMUserIconManager <INFO> - file: C:\Users\daiki\.astah\professional\JudeMMUserIconP.xml
2024-05-23 19:22:54,274 [AWT-EventQueue-0] JP.co.esm.caddies.jomt.jsystem.k <INFO> - file: C:\Users\daiki\.astah\professional\JudeP.properties
2024-05-28 10:52:04,093 [main] JP.co.esm.caddies.jomt.Jude <INFO> - #### === professional 9.2.0 / 0248cd ==============================
2024-05-28 10:52:04,093 [main] JP.co.esm.caddies.jomt.Jude <INFO> - start program args []
2024-05-28 10:52:04,101 [main] JP.co.esm.caddies.jomt.Jude <INFO> - start vm args [-Xms16m, -Xmx1024m, -Dsun.java2d.d3d=false, -Djava.library.path=lib\rlm]
2024-05-28 10:52:07,844 [Thread-2] JP.co.esm.caddies.jomt.jutil.Z <INFO> - 現在ご利用のastah*は、最新バージョンです。
2024-05-28 10:55:12,322 [AWT-EventQueue-0] JP.co.esm.caddies.uml.mindmap.MMUserIconManager <INFO> - file: C:\Users\daiki\.astah\professional\JudeMMUserIconP.xml
2024-05-28 10:55:12,338 [AWT-EventQueue-0] JP.co.esm.caddies.uml.mindmap.MMUserIconManager <INFO> - file: C:\Users\daiki\.astah\professional\JudeMMUserIconP.xml
2024-05-28 10:55:12,343 [AWT-EventQueue-0] JP.co.esm.caddies.jomt.jutil.m <INFO> - stack=5m
2024-05-28 10:55:12,354 [AWT-EventQueue-0] JP.co.esm.caddies.jomt.jsystem.k <INFO> - file: C:\Users\daiki\.astah\professional\JudeP.properties
2024-05-28 11:26:46,736 [main] JP.co.esm.caddies.jomt.Jude <INFO> - #### === professional 9.2.0 / 0248cd ==============================
2024-05-28 11:26:46,736 [main] JP.co.esm.caddies.jomt.Jude <INFO> - start program args [C:\Users\daiki\Documents\プログラミング入門及び演習\ex05_05.asta]
2024-05-28 11:26:46,744 [main] JP.co.esm.caddies.jomt.Jude <INFO> - start vm args [-Xms16m, -Xmx1024m, -Dsun.java2d.d3d=false, -Djava.library.path=lib\rlm]
2024-05-28 11:26:49,182 [AWT-EventQueue-0] JP.co.esm.caddies.jomt.jutil.m <INFO> - stack=5m
2024-05-28 11:26:49,736 [Thread-2] JP.co.esm.caddies.jomt.jutil.Z <INFO> - 現在ご利用のastah*は、最新バージョンです。
2024-05-28 11:27:02,892 [main] JP.co.esm.caddies.jomt.Jude <INFO> - #### === professional 9.2.0 / 0248cd ==============================
2024-05-28 11:27:02,892 [main] JP.co.esm.caddies.jomt.Jude <INFO> - start program args [C:\Users\daiki\Documents\プログラミング入門及び演習\ex05_04.asta]
2024-05-28 11:27:02,900 [main] JP.co.esm.caddies.jomt.Jude <INFO> - start vm args [-Xms16m, -Xmx1024m, -Dsun.java2d.d3d=false, -Djava.library.path=lib\rlm]
2024-05-28 11:27:05,492 [AWT-EventQueue-0] JP.co.esm.caddies.jomt.jutil.m <INFO> - stack=5m
2024-05-28 11:27:06,162 [Thread-2] JP.co.esm.caddies.jomt.jutil.Z <INFO> - 現在ご利用のastah*は、最新バージョンです。
2024-05-28 11:27:20,412 [main] JP.co.esm.caddies.jomt.Jude <INFO> - #### === professional 9.2.0 / 0248cd ==============================
2024-05-28 11:27:20,420 [main] JP.co.esm.caddies.jomt.Jude <INFO> - start program args [C:\Users\daiki\Documents\プログラミング入門及び演習\ex05_02.asta]
2024-05-28 11:27:20,428 [main] JP.co.esm.caddies.jomt.Jude <INFO> - start vm args [-Xms16m, -Xmx1024m, -Dsun.java2d.d3d=false, -Djava.library.path=lib\rlm]
2024-05-28 11:27:23,129 [AWT-EventQueue-0] JP.co.esm.caddies.jomt.jutil.m <INFO> - stack=5m
2024-05-28 11:27:23,929 [Thread-2] JP.co.esm.caddies.jomt.jutil.Z <INFO> - 現在ご利用のastah*は、最新バージョンです。
2024-05-28 11:30:48,516 [AWT-EventQueue-0] JP.co.esm.caddies.uml.mindmap.MMUserIconManager <INFO> - file: C:\Users\daiki\.astah\professional\JudeMMUserIconP.xml
2024-05-28 11:30:48,526 [AWT-EventQueue-0] JP.co.esm.caddies.uml.mindmap.MMUserIconManager <INFO> - file: C:\Users\daiki\.astah\professional\JudeMMUserIconP.xml
2024-05-28 11:30:48,633 [AWT-EventQueue-0] JP.co.esm.caddies.jomt.jsystem.k <INFO> - file: C:\Users\daiki\.astah\professional\JudeP.properties
2024-05-28 11:53:20,010 [AWT-EventQueue-0] JP.co.esm.caddies.uml.mindmap.MMUserIconManager <INFO> - file: C:\Users\daiki\.astah\professional\JudeMMUserIconP.xml
2024-05-28 11:53:20,019 [AWT-EventQueue-0] JP.co.esm.caddies.uml.mindmap.MMUserIconManager <INFO> - file: C:\Users\daiki\.astah\professional\JudeMMUserIconP.xml
2024-05-28 11:53:20,060 [AWT-EventQueue-0] JP.co.esm.caddies.jomt.jsystem.k <INFO> - file: C:\Users\daiki\.astah\professional\JudeP.properties
2024-05-28 11:53:22,502 [AWT-EventQueue-0] JP.co.esm.caddies.uml.mindmap.MMUserIconManager <INFO> - file: C:\Users\daiki\.astah\professional\JudeMMUserIconP.xml
2024-05-28 11:53:22,510 [AWT-EventQueue-0] JP.co.esm.caddies.uml.mindmap.MMUserIconManager <INFO> - file: C:\Users\daiki\.astah\professional\JudeMMUserIconP.xml
2024-05-28 11:53:22,550 [AWT-EventQueue-0] JP.co.esm.caddies.jomt.jsystem.k <INFO> - file: C:\Users\daiki\.astah\professional\JudeP.properties
2024-05-30 09:12:42,436 [main] JP.co.esm.caddies.jomt.Jude <INFO> - #### === professional 9.2.0 / 0248cd ==============================
2024-05-30 09:12:42,444 [main] JP.co.esm.caddies.jomt.Jude <INFO> - start program args []
2024-05-30 09:12:42,452 [main] JP.co.esm.caddies.jomt.Jude <INFO> - start vm args [-Xms16m, -Xmx1024m, -Dsun.java2d.d3d=false, -Djava.library.path=lib\rlm]
2024-05-30 09:12:46,037 [Thread-2] JP.co.esm.caddies.jomt.jutil.Z <INFO> - 現在ご利用のastah*は、最新バージョンです。
2024-05-30 10:06:37,839 [main] JP.co.esm.caddies.jomt.Jude <INFO> - #### === professional 9.2.0 / 0248cd ==============================
2024-05-30 10:06:37,839 [main] JP.co.esm.caddies.jomt.Jude <INFO> - start program args []
2024-05-30 10:06:37,849 [main] JP.co.esm.caddies.jomt.Jude <INFO> - start vm args [-Xms16m, -Xmx1024m, -Dsun.java2d.d3d=false, -Djava.library.path=lib\rlm]
2024-05-30 10:06:41,015 [Thread-2] JP.co.esm.caddies.jomt.jutil.Z <INFO> - 現在ご利用のastah*は、最新バージョンです。
2024-05-30 10:27:04,532 [AWT-EventQueue-0] JP.co.esm.caddies.golf.model.EntityStore <INFO> - saveAs: C:\Users\daiki\Documents\プログラミング入門及び演習\ex06_04.asta
2024-05-30 10:27:04,551 [AWT-EventQueue-0] JP.co.esm.caddies.jomt.jutil.m <INFO> - stack=5m
2024-05-30 15:36:18,143 [AWT-EventQueue-0] JP.co.esm.caddies.uml.mindmap.MMUserIconManager <INFO> - file: C:\Users\daiki\.astah\professional\JudeMMUserIconP.xml
2024-05-30 15:36:18,160 [AWT-EventQueue-0] JP.co.esm.caddies.uml.mindmap.MMUserIconManager <INFO> - file: C:\Users\daiki\.astah\professional\JudeMMUserIconP.xml
2024-05-30 15:36:18,168 [AWT-EventQueue-0] JP.co.esm.caddies.jomt.jutil.m <INFO> - stack=5m
2024-05-30 15:36:18,184 [AWT-EventQueue-0] JP.co.esm.caddies.jomt.jsystem.k <INFO> - file: C:\Users\daiki\.astah\professional\JudeP.properties
2024-05-30 15:38:14,433 [AWT-EventQueue-0] JP.co.esm.caddies.golf.model.EntityStore <INFO> - saveAs: C:\Users\daiki\Documents\プログラミング入門及び演習\ex06_04.asta
2024-05-30 15:59:49,736 [AWT-EventQueue-0] JP.co.esm.caddies.uml.mindmap.MMUserIconManager <INFO> - file: C:\Users\daiki\.astah\professional\JudeMMUserIconP.xml
2024-05-30 15:59:49,751 [AWT-EventQueue-0] JP.co.esm.caddies.uml.mindmap.MMUserIconManager <INFO> - file: C:\Users\daiki\.astah\professional\JudeMMUserIconP.xml
2024-05-30 15:59:49,827 [AWT-EventQueue-0] JP.co.esm.caddies.jomt.jsystem.k <INFO> - file: C:\Users\daiki\.astah\professional\JudeP.properties
2024-05-30 22:53:06,310 [main] JP.co.esm.caddies.jomt.Jude <INFO> - #### === professional 9.2.0 / 0248cd ==============================
2024-05-30 22:53:06,318 [main] JP.co.esm.caddies.jomt.Jude <INFO> - start program args [C:\Users\daiki\Documents\プログラミング入門及び演習\ex06_04.asta]
2024-05-30 22:53:06,328 [main] JP.co.esm.caddies.jomt.Jude <INFO> - start vm args [-Xms16m, -Xmx1024m, -Dsun.java2d.d3d=false, -Djava.library.path=lib\rlm]
2024-05-30 22:53:09,555 [AWT-EventQueue-0] JP.co.esm.caddies.jomt.jutil.m <INFO> - stack=5m
2024-05-30 22:53:10,517 [Thread-2] JP.co.esm.caddies.jomt.jutil.Z <INFO> - 現在ご利用のastah*は、最新バージョンです。
2024-05-30 22:54:59,065 [AWT-EventQueue-0] JP.co.esm.caddies.jomt.jcontrol.JudeToImageCommand <INFO> - file: C:\Users\daiki\Documents\プログラミング入門及び演習\ex06_04_submit_20246196.png
2024-05-31 00:29:50,540 [main] JP.co.esm.caddies.jomt.Jude <INFO> - #### === professional 9.2.0 / 0248cd ==============================
2024-05-31 00:29:50,548 [main] JP.co.esm.caddies.jomt.Jude <INFO> - start program args []
2024-05-31 00:29:50,556 [main] JP.co.esm.caddies.jomt.Jude <INFO> - start vm args [-Xms16m, -Xmx1024m, -Dsun.java2d.d3d=false, -Djava.library.path=lib\rlm]
2024-05-31 00:29:54,773 [Thread-2] JP.co.esm.caddies.jomt.jutil.Z <INFO> - 現在ご利用のastah*は、最新バージョンです。
2024-05-31 00:58:54,850 [AWT-EventQueue-0] JP.co.esm.caddies.golf.model.EntityStore <INFO> - saveAs: C:\Users\daiki\Documents\プログラミング入門及び演習\ex06_05.asta
2024-05-31 00:58:54,860 [AWT-EventQueue-0] JP.co.esm.caddies.jomt.jutil.m <INFO> - stack=5m
2024-05-31 00:59:25,434 [AWT-EventQueue-0] JP.co.esm.caddies.jomt.jcontrol.JudeToImageCommand <INFO> - file: C:\Users\daiki\Documents\プログラミング入門及び演習\ex06_05_submit_20246196.png
2024-05-31 01:04:45,418 [AWT-EventQueue-0] JP.co.esm.caddies.uml.mindmap.MMUserIconManager <INFO> - file: C:\Users\daiki\.astah\professional\JudeMMUserIconP.xml
2024-05-31 01:04:45,426 [AWT-EventQueue-0] JP.co.esm.caddies.uml.mindmap.MMUserIconManager <INFO> - file: C:\Users\daiki\.astah\professional\JudeMMUserIconP.xml
2024-05-31 01:04:45,438 [AWT-EventQueue-0] JP.co.esm.caddies.jomt.jsystem.k <INFO> - file: C:\Users\daiki\.astah\professional\JudeP.properties
2024-07-18 14:06:07,010 [main] JP.co.esm.caddies.jomt.Jude <INFO> - #### === professional 9.2.0 / 0248cd ==============================
2024-07-18 14:06:07,010 [main] JP.co.esm.caddies.jomt.Jude <INFO> - start program args []
2024-07-18 14:06:07,018 [main] JP.co.esm.caddies.jomt.Jude <INFO> - start vm args [-Xms16m, -Xmx1024m, -Dsun.java2d.d3d=false, -Djava.library.path=lib\rlm]
2024-07-18 14:06:10,756 [Thread-2] JP.co.esm.caddies.jomt.jutil.Z <INFO> - 現在ご利用のastah*は、最新バージョンです。
2024-07-18 15:36:54,393 [AWT-EventQueue-0] JP.co.esm.caddies.golf.model.EntityStore <INFO> - saveAs: C:\Users\daiki\Documents\プログラミング入門及び演習\ex13_01フローチャート.asta
2024-07-18 15:36:54,401 [AWT-EventQueue-0] JP.co.esm.caddies.jomt.jutil.m <INFO> - stack=5m
2024-07-18 15:37:44,115 [AWT-EventQueue-0] JP.co.esm.caddies.jomt.jcontrol.JudeToImageCommand <INFO> - file: C:\Users\daiki\Documents\プログラミング入門及び演習\ex14\ex13_01フローチャート.png
2024-07-18 15:38:09,718 [AWT-EventQueue-0] JP.co.esm.caddies.uml.mindmap.MMUserIconManager <INFO> - file: C:\Users\daiki\.astah\professional\JudeMMUserIconP.xml
2024-07-18 15:38:09,725 [AWT-EventQueue-0] JP.co.esm.caddies.uml.mindmap.MMUserIconManager <INFO> - file: C:\Users\daiki\.astah\professional\JudeMMUserIconP.xml
2024-07-18 15:38:09,733 [AWT-EventQueue-0] JP.co.esm.caddies.jomt.jsystem.k <INFO> - file: C:\Users\daiki\.astah\professional\JudeP.properties
2024-07-18 15:38:17,760 [main] JP.co.esm.caddies.jomt.Jude <INFO> - #### === professional 9.2.0 / 0248cd ==============================
2024-07-18 15:38:17,762 [main] JP.co.esm.caddies.jomt.Jude <INFO> - start program args [C:\Users\daiki\Documents\プログラミング入門及び演習\ex14\ex13_01フローチャート.asta]
2024-07-18 15:38:17,765 [main] JP.co.esm.caddies.jomt.Jude <INFO> - start vm args [-Xms16m, -Xmx1024m, -Dsun.java2d.d3d=false, -Djava.library.path=lib\rlm]
2024-07-18 15:38:18,951 [AWT-EventQueue-0] JP.co.esm.caddies.jomt.jutil.m <INFO> - stack=5m
2024-07-18 15:38:19,524 [Thread-2] JP.co.esm.caddies.jomt.jutil.Z <INFO> - 現在ご利用のastah*は、最新バージョンです。
2024-07-18 15:38:31,946 [AWT-EventQueue-0] JP.co.esm.caddies.uml.mindmap.MMUserIconManager <INFO> - file: C:\Users\daiki\.astah\professional\JudeMMUserIconP.xml
2024-07-18 15:38:31,953 [AWT-EventQueue-0] JP.co.esm.caddies.uml.mindmap.MMUserIconManager <INFO> - file: C:\Users\daiki\.astah\professional\JudeMMUserIconP.xml
2024-07-18 15:38:31,970 [AWT-EventQueue-0] JP.co.esm.caddies.jomt.jsystem.k <INFO> - file: C:\Users\daiki\.astah\professional\JudeP.properties
