===========================================================
astah_pro.log
date: 18 July 2024 15:38:17 JST
ver: professional 9.2.0 / 0248cd
java ver: 1.8.0_402
java vendor: Temurin
os name: Windows 11
os ver: 10.0
look and feel: FlatLaf Light
system scale: 150.00%
===========================================================
----------------------------------------------------------
                   System Properties                      
----------------------------------------------------------

java.runtime.name=OpenJDK Runtime Environment
sun.boot.library.path=C:\Program Files\astah-professional\jre\bin
java.vm.version=25.402-b06
sun.java2d.d3d=false
java.vm.vendor=Temurin
java.vendor.url=https://adoptium.net/
path.separator=;
java.vm.name=OpenJDK 64-Bit Server VM
file.encoding.pkg=sun.io
user.country=JP
user.script=
sun.java.launcher=SUN_STANDARD
sun.os.patch.level=
java.vm.specification.name=Java Virtual Machine Specification
user.dir=C:\Program Files\astah-professional
java.runtime.version=1.8.0_402-b06
java.awt.graphicsenv=sun.awt.Win32GraphicsEnvironment
java.endorsed.dirs=C:\Program Files\astah-professional\jre\lib\endorsed
os.arch=amd64
java.io.tmpdir=C:\Users\daiki\AppData\Local\Temp\
line.separator=

java.vm.specification.vendor=Oracle Corporation
user.variant=
os.name=Windows 11
sun.jnu.encoding=MS932
java.library.path=lib\rlm
sun.awt.enableExtraMouseButtons=true
java.specification.name=Java Platform API Specification
java.class.version=52.0
sun.management.compiler=HotSpot 64-Bit Tiered Compilers
os.version=10.0
user.home=C:\Users\daiki
user.timezone=Asia/Tokyo
java.awt.printerjob=sun.awt.windows.WPrinterJob
file.encoding=MS932
java.specification.version=1.8
java.class.path=C:\Program Files\astah-professional\astah-pro.jar
user.name=daiki
java.vm.specification.version=1.8
sun.java.command=C:\Program Files\astah-professional\astah-pro.jar C:\Users\daiki\Documents\プログラミング入門及び演習\ex14\ex13_01フローチャート.asta
java.home=C:\Program Files\astah-professional\jre
sun.arch.data.model=64
user.language=ja
java.specification.vendor=Oracle Corporation
awt.toolkit=sun.awt.windows.WToolkit
java.vm.info=mixed mode
astah.plugin.enabled=true
java.version=1.8.0_402
java.ext.dirs=C:\Program Files\astah-professional\jre\lib\ext;C:\windows\Sun\Java\lib\ext
sun.boot.class.path=C:\Program Files\astah-professional\jre\lib\resources.jar;C:\Program Files\astah-professional\jre\lib\rt.jar;C:\Program Files\astah-professional\jre\lib\sunrsasign.jar;C:\Program Files\astah-professional\jre\lib\jsse.jar;C:\Program Files\astah-professional\jre\lib\jce.jar;C:\Program Files\astah-professional\jre\lib\charsets.jar;C:\Program Files\astah-professional\jre\lib\jfr.jar;C:\Program Files\astah-professional\jre\classes
java.vendor=Temurin
java.specification.maintenance.version=5
astah.edition=professional
file.separator=\
java.vendor.url.bug=https://github.com/adoptium/adoptium-support/issues
sun.io.unicode.encoding=UnicodeLittle
sun.cpu.endian=little
sun.desktop=windows
sun.cpu.isalist=amd64

----------------------------------------------------------
LN = 160382
----------------------------------------------------------


----------------------------------------------------------
                   Plugin Infos                      
----------------------------------------------------------

org.apache.felix.framework (4.0.3) "System Bundle" [] [ACTIVE:Enable]
com.change_vision.astah.extension.plugin.script (2.1.2) "astahスクリプトプラグイン" [7.2 - pro,uml,sys,safety] [INSTALLED:Enable]
